#
# A fatal error has been detected by the Java Runtime Environment:
#
#  EXCEPTION_ACCESS_VIOLATION (0xc0000005) at pc=0x000000005325a0a5, pid=6960, tid=0x00000000000024fc
#
# JRE version: Java(TM) SE Runtime Environment (8.0_101-b13) (build 1.8.0_101-b13)
# Java VM: Java HotSpot(TM) 64-Bit Server VM (25.101-b13 mixed mode windows-amd64 compressed oops)
# Problematic frame:
# V  [jvm.dll+0x12a0a5]
#
# Failed to write core dump. Minidumps are not enabled by default on client versions of Windows
#
# If you would like to submit a bug report, please visit:
#   http://bugreport.java.com/bugreport/crash.jsp
#

---------------  T H R E A D  ---------------

Current thread (0x0000000018764000):  JavaThread "JDWP Transport Listener: dt_socket" daemon [_thread_in_vm, id=9468, stack(0x0000000019410000,0x0000000019510000)]

siginfo: ExceptionCode=0xc0000005, reading address 0x00003b003b3b656c

Registers:
RAX=0x000000001950f801, RBX=0x0000000018764000, RCX=0x00003b003b3b656c, RDX=0x0000000000000000
RSP=0x000000001950f870, RBP=0x00003b003b3b656c, RSI=0x000000001950f988, RDI=0x0000000001de8f60
R8 =0x0000000018764000, R9 =0x000000000000ff00, R10=0x0000000000000000, R11=0x0000cbcf01f70002
R12=0x0000000000000000, R13=0x0000000018764c08, R14=0x0000000000000000, R15=0x0000000000000000
RIP=0x000000005325a0a5, EFLAGS=0x0000000000010206

Top of Stack: (sp=0x000000001950f870)
0x000000001950f870:   0000000018764000 0000000018764000
0x000000001950f880:   000000001950f938 0000000053462f0b
0x000000001950f890:   0000000018764000 000000005347f76d
0x000000001950f8a0:   0000000000000000 00000000579e9155
0x000000001950f8b0:   0000000018850610 00000000579f291e
0x000000001950f8c0:   0000000018764000 0000000000000000
0x000000001950f8d0:   0000000000000000 0000000000000000
0x000000001950f8e0:   00003b003b3b656c 00000000579f1a15
0x000000001950f8f0:   000000001950f988 000000001950f960
0x000000001950f900:   0000000000000001 0000000018850610
0x000000001950f910:   00003b003b3b656c 00000000579d53b3
0x000000001950f920:   000000001950fa50 0000000000000001
0x000000001950f930:   0000000000000001 0000000018850610
0x000000001950f940:   0000000000000009 0000000000000000
0x000000001950f950:   0000000000000000 0000000000000000
0x000000001950f960:   0000000000000001 00000000579d5571 

Instructions: (pc=0x000000005325a0a5)
0x000000005325a085:   cc cc cc cc cc cc cc cc cc cc cc 48 83 ec 28 48
0x000000005325a095:   85 c9 75 07 33 c0 48 83 c4 28 c3 48 89 5c 24 20
0x000000005325a0a5:   48 8b 19 48 85 db 74 20 48 83 fb 37 74 1a 48 8b
0x000000005325a0b5:   13 48 8b cb ff 52 10 84 c0 74 0d 48 8b c3 48 8b 


Register to memory mapping:

RAX=0x000000001950f801 is pointing into the stack for thread: 0x0000000018764000
RBX=0x0000000018764000 is a thread
RCX=0x00003b003b3b656c is an unknown value
RDX=0x0000000000000000 is an unknown value
RSP=0x000000001950f870 is pointing into the stack for thread: 0x0000000018764000
RBP=0x00003b003b3b656c is an unknown value
RSI=0x000000001950f988 is pointing into the stack for thread: 0x0000000018764000
RDI=0x0000000001de8f60 is an unknown value
R8 =0x0000000018764000 is a thread
R9 =0x000000000000ff00 is an unknown value
R10=0x0000000000000000 is an unknown value
R11=0x0000cbcf01f70002 is an unknown value
R12=0x0000000000000000 is an unknown value
R13=0x0000000018764c08 is an unknown value
R14=0x0000000000000000 is an unknown value
R15=0x0000000000000000 is an unknown value


Stack: [0x0000000019410000,0x0000000019510000],  sp=0x000000001950f870,  free space=1022k
Native frames: (J=compiled Java code, j=interpreted, Vv=VM code, C=native code)
V  [jvm.dll+0x12a0a5]
V  [jvm.dll+0x34f76d]
C  [jdwp.dll+0x21a15]
C  [jdwp.dll+0x53b3]
C  [jdwp.dll+0x5571]
C  [jdwp.dll+0xf0a8]
C  [jdwp.dll+0x1f2d5]
C  [jdwp.dll+0x1f4aa]
V  [jvm.dll+0x1bd258]
V  [jvm.dll+0x2451a4]
V  [jvm.dll+0x29c18a]
C  [msvcr100.dll+0x21d9f]
C  [msvcr100.dll+0x21e3b]
C  [kernel32.dll+0x159cd]
C  [ntdll.dll+0x5383d]


---------------  P R O C E S S  ---------------

Java Threads: ( => current thread )
  0x00000000187f7000 JavaThread "TimerQueue" daemon [_thread_blocked, id=1152, stack(0x000000001c400000,0x000000001c500000)]
  0x00000000187f6000 JavaThread "DestroyJavaVM" [_thread_blocked, id=10940, stack(0x0000000002780000,0x0000000002880000)]
  0x00000000187f5800 JavaThread "AWT-EventQueue-0" [_thread_blocked, id=4448, stack(0x000000001b3a0000,0x000000001b4a0000)]
  0x00000000187f4800 JavaThread "AWT-Windows" daemon [_thread_in_native, id=8596, stack(0x0000000019a30000,0x0000000019b30000)]
  0x00000000187f4000 JavaThread "AWT-Shutdown" [_thread_blocked, id=9232, stack(0x000000001aa10000,0x000000001ab10000)]
  0x00000000187f3000 JavaThread "Java2D Disposer" daemon [_thread_blocked, id=10744, stack(0x000000001a8e0000,0x000000001a9e0000)]
  0x00000000187f1800 JavaThread "Service Thread" daemon [_thread_blocked, id=11116, stack(0x0000000019d60000,0x0000000019e60000)]
  0x000000001879b800 JavaThread "C1 CompilerThread2" daemon [_thread_blocked, id=7640, stack(0x0000000018fc0000,0x00000000190c0000)]
  0x0000000018784800 JavaThread "C2 CompilerThread1" daemon [_thread_blocked, id=10336, stack(0x0000000019b90000,0x0000000019c90000)]
  0x0000000018782000 JavaThread "C2 CompilerThread0" daemon [_thread_blocked, id=7180, stack(0x0000000019920000,0x0000000019a20000)]
  0x0000000018772000 JavaThread "JDWP Command Reader" daemon [_thread_in_native, id=8708, stack(0x0000000019740000,0x0000000019840000)]
  0x0000000018770800 JavaThread "JDWP Event Helper Thread" daemon [_thread_blocked, id=9188, stack(0x00000000195a0000,0x00000000196a0000)]
=>0x0000000018764000 JavaThread "JDWP Transport Listener: dt_socket" daemon [_thread_in_vm, id=9468, stack(0x0000000019410000,0x0000000019510000)]
  0x0000000018748800 JavaThread "Attach Listener" daemon [_thread_blocked, id=9472, stack(0x0000000018ec0000,0x0000000018fc0000)]
  0x000000001749f800 JavaThread "Signal Dispatcher" daemon [_thread_blocked, id=10652, stack(0x0000000018be0000,0x0000000018ce0000)]
  0x000000001747d800 JavaThread "Finalizer" daemon [_thread_blocked, id=7848, stack(0x0000000018640000,0x0000000018740000)]
  0x0000000017432800 JavaThread "Reference Handler" daemon [_thread_blocked, id=4620, stack(0x0000000018510000,0x0000000018610000)]

Other Threads:
  0x000000001742d000 VMThread [stack: 0x0000000018390000,0x0000000018490000] [id=10468]
  0x0000000018848000 WatcherThread [stack: 0x0000000019fd0000,0x000000001a0d0000] [id=7140]

VM state:not at safepoint (normal execution)

VM Mutex/Monitor currently owned by a thread: None

Heap:
 PSYoungGen      total 37888K, used 11553K [0x00000000d6000000, 0x00000000d8a00000, 0x0000000100000000)
  eden space 32768K, 35% used [0x00000000d6000000,0x00000000d6b48400,0x00000000d8000000)
  from space 5120K, 0% used [0x00000000d8500000,0x00000000d8500000,0x00000000d8a00000)
  to   space 5120K, 0% used [0x00000000d8000000,0x00000000d8000000,0x00000000d8500000)
 ParOldGen       total 86016K, used 0K [0x0000000082000000, 0x0000000087400000, 0x00000000d6000000)
  object space 86016K, 0% used [0x0000000082000000,0x0000000082000000,0x0000000087400000)
 Metaspace       used 12478K, capacity 12666K, committed 12928K, reserved 1060864K
  class space    used 1549K, capacity 1620K, committed 1664K, reserved 1048576K

Card table byte_map: [0x0000000011c40000,0x0000000012040000] byte_map_base: 0x0000000011830000

Marking Bits: (ParMarkBitMap*) 0x000000005394a6d0
 Begin Bits: [0x00000000127b0000, 0x0000000014730000)
 End Bits:   [0x0000000014730000, 0x00000000166b0000)

Polling page: 0x0000000000220000

CodeCache: size=245760Kb used=3670Kb max_used=3670Kb free=242089Kb
 bounds [0x0000000002880000, 0x0000000002c20000, 0x0000000011880000]
 total_blobs=1527 nmethods=1036 adapters=411
 compilation: enabled

Compilation events (10 events):
Event: 120.169 Thread 0x000000001879b800 1032       3       javax.swing.TimerQueue::now (8 bytes)
Event: 120.169 Thread 0x000000001879b800 nmethod 1032 0x0000000002c15fd0 code [0x0000000002c16120, 0x0000000002c16270]
Event: 120.169 Thread 0x000000001879b800 1033       3       java.awt.Rectangle::setLocation (7 bytes)
Event: 120.170 Thread 0x000000001879b800 nmethod 1033 0x0000000002c162d0 code [0x0000000002c16420, 0x0000000002c16650]
Event: 120.170 Thread 0x000000001879b800 1034       3       java.awt.Rectangle::move (11 bytes)
Event: 120.170 Thread 0x000000001879b800 nmethod 1034 0x0000000002c16710 code [0x0000000002c16860, 0x0000000002c169b0]
Event: 120.170 Thread 0x000000001879b800 1035       3       java.awt.geom.AffineTransform::<init> (69 bytes)
Event: 120.170 Thread 0x000000001879b800 nmethod 1035 0x0000000002c16a10 code [0x0000000002c16b80, 0x0000000002c16d90]
Event: 120.672 Thread 0x000000001879b800 1036       3       java.awt.geom.RectIterator::isDone (14 bytes)
Event: 120.672 Thread 0x000000001879b800 nmethod 1036 0x0000000002c16e50 code [0x0000000002c16fa0, 0x0000000002c17150]

GC Heap History (0 events):
No events

Deoptimization events (4 events):
Event: 2.785 Thread 0x00000000187f5800 Uncommon trap: reason=class_check action=maybe_recompile pc=0x00000000029bc4d4 method=java.lang.String.equals(Ljava/lang/Object;)Z @ 8
Event: 2.785 Thread 0x00000000187f5800 Uncommon trap: reason=class_check action=maybe_recompile pc=0x00000000029bc4d4 method=java.lang.String.equals(Ljava/lang/Object;)Z @ 8
Event: 2.785 Thread 0x00000000187f5800 Uncommon trap: reason=class_check action=maybe_recompile pc=0x00000000029bc4d4 method=java.lang.String.equals(Ljava/lang/Object;)Z @ 8
Event: 10.182 Thread 0x00000000187f5800 Uncommon trap: reason=class_check action=maybe_recompile pc=0x00000000029bc4d4 method=java.lang.String.equals(Ljava/lang/Object;)Z @ 8

Internal exceptions (10 events):
Event: 0.294 Thread 0x0000000001def000 Exception <a 'java/security/PrivilegedActionException'> (0x00000000d60ff340) thrown at [C:\re\workspace\8-2-build-windows-amd64-cygwin\jdk8u101\7261\hotspot\src\share\vm\prims\jvm.cpp, line 1386]
Event: 0.294 Thread 0x0000000001def000 Exception <a 'java/security/PrivilegedActionException'> (0x00000000d60ff550) thrown at [C:\re\workspace\8-2-build-windows-amd64-cygwin\jdk8u101\7261\hotspot\src\share\vm\prims\jvm.cpp, line 1386]
Event: 0.295 Thread 0x0000000001def000 Exception <a 'java/security/PrivilegedActionException'> (0x00000000d6103438) thrown at [C:\re\workspace\8-2-build-windows-amd64-cygwin\jdk8u101\7261\hotspot\src\share\vm\prims\jvm.cpp, line 1386]
Event: 0.295 Thread 0x0000000001def000 Exception <a 'java/security/PrivilegedActionException'> (0x00000000d6103648) thrown at [C:\re\workspace\8-2-build-windows-amd64-cygwin\jdk8u101\7261\hotspot\src\share\vm\prims\jvm.cpp, line 1386]
Event: 0.319 Thread 0x0000000001def000 Exception <a 'java/io/FileNotFoundException'> (0x00000000d62ba038) thrown at [C:\re\workspace\8-2-build-windows-amd64-cygwin\jdk8u101\7261\hotspot\src\share\vm\prims\jni.cpp, line 709]
Event: 0.348 Thread 0x0000000001def000 Exception <a 'java/lang/NoSuchFieldError': method resolution failed> (0x00000000d6387638) thrown at [C:\re\workspace\8-2-build-windows-amd64-cygwin\jdk8u101\7261\hotspot\src\share\vm\prims\methodHandles.cpp, line 1146]
Event: 0.352 Thread 0x0000000001def000 Exception <a 'java/lang/NoSuchFieldError': method resolution failed> (0x00000000d6394a08) thrown at [C:\re\workspace\8-2-build-windows-amd64-cygwin\jdk8u101\7261\hotspot\src\share\vm\prims\methodHandles.cpp, line 1146]
Event: 0.389 Thread 0x0000000001def000 Exception <a 'java/io/FileNotFoundException'> (0x00000000d6429168) thrown at [C:\re\workspace\8-2-build-windows-amd64-cygwin\jdk8u101\7261\hotspot\src\share\vm\prims\jni.cpp, line 709]
Event: 0.506 Thread 0x0000000001def000 Exception <a 'java/io/FileNotFoundException'> (0x00000000d663e280) thrown at [C:\re\workspace\8-2-build-windows-amd64-cygwin\jdk8u101\7261\hotspot\src\share\vm\prims\jni.cpp, line 709]
Event: 0.506 Thread 0x0000000001def000 Exception <a 'java/lang/NullPointerException'> (0x00000000d663e9d0) thrown at [C:\re\workspace\8-2-build-windows-amd64-cygwin\jdk8u101\7261\hotspot\src\share\vm\interpreter\linkResolver.cpp, line 1178]

Events (10 events):
Event: 21.858 loading class java/awt/KeyboardFocusManager$2
Event: 21.858 loading class java/awt/KeyboardFocusManager$2 done
Event: 21.858 loading class sun/awt/SunToolkit$1
Event: 21.858 loading class sun/awt/SunToolkit$1 done
Event: 107.154 Executing VM operation: RedefineClasses
Event: 107.161 Executing VM operation: RedefineClasses done
Event: 137.808 Executing VM operation: RedefineClasses
Event: 137.816 Executing VM operation: RedefineClasses done
Event: 391.702 Executing VM operation: RedefineClasses
Event: 391.707 Executing VM operation: RedefineClasses done


Dynamic libraries:
0x000000013f590000 - 0x000000013f5c7000 	C:\Program Files\Java\jdk1.8.0_101\bin\javaw.exe
0x00000000779d0000 - 0x0000000077b6f000 	C:\Windows\SYSTEM32\ntdll.dll
0x00000000778b0000 - 0x00000000779cf000 	C:\Windows\system32\kernel32.dll
0x000007fefd850000 - 0x000007fefd8ba000 	C:\Windows\system32\KERNELBASE.dll
0x000007fefda60000 - 0x000007fefdb3b000 	C:\Windows\system32\ADVAPI32.dll
0x000007fefe250000 - 0x000007fefe2ef000 	C:\Windows\system32\msvcrt.dll
0x000007fefdb40000 - 0x000007fefdb5f000 	C:\Windows\SYSTEM32\sechost.dll
0x000007feff610000 - 0x000007feff73d000 	C:\Windows\system32\RPCRT4.dll
0x00000000777b0000 - 0x00000000778aa000 	C:\Windows\system32\USER32.dll
0x000007fefe060000 - 0x000007fefe0c7000 	C:\Windows\system32\GDI32.dll
0x000007feffcb0000 - 0x000007feffcbe000 	C:\Windows\system32\LPK.dll
0x000007fefdbe0000 - 0x000007fefdcab000 	C:\Windows\system32\USP10.dll
0x000007fefbbf0000 - 0x000007fefbde4000 	C:\Windows\WinSxS\amd64_microsoft.windows.common-controls_6595b64144ccf1df_6.0.7601.18837_none_fa3b1e3d17594757\COMCTL32.dll
0x000007fefdcb0000 - 0x000007fefdd21000 	C:\Windows\system32\SHLWAPI.dll
0x000007fefde90000 - 0x000007fefdebe000 	C:\Windows\system32\IMM32.DLL
0x000007fefdd80000 - 0x000007fefde89000 	C:\Windows\system32\MSCTF.dll
0x00000000513c0000 - 0x0000000051492000 	C:\Program Files\Java\jdk1.8.0_101\jre\bin\msvcr100.dll
0x0000000053130000 - 0x00000000539ca000 	C:\Program Files\Java\jdk1.8.0_101\jre\bin\server\jvm.dll
0x000007feeda50000 - 0x000007feeda59000 	C:\Windows\system32\WSOCK32.dll
0x000007fefdd30000 - 0x000007fefdd7d000 	C:\Windows\system32\WS2_32.dll
0x000007fefe050000 - 0x000007fefe058000 	C:\Windows\system32\NSI.dll
0x000007fef9b80000 - 0x000007fef9bbb000 	C:\Windows\system32\WINMM.dll
0x000007fefc740000 - 0x000007fefc74c000 	C:\Windows\system32\VERSION.dll
0x0000000077b80000 - 0x0000000077b87000 	C:\Windows\system32\PSAPI.DLL
0x0000000057e90000 - 0x0000000057e9f000 	C:\Program Files\Java\jdk1.8.0_101\jre\bin\verify.dll
0x0000000055750000 - 0x0000000055779000 	C:\Program Files\Java\jdk1.8.0_101\jre\bin\java.dll
0x00000000579d0000 - 0x0000000057a05000 	C:\Program Files\Java\jdk1.8.0_101\jre\bin\jdwp.dll
0x0000000064170000 - 0x0000000064178000 	C:\Program Files\Java\jdk1.8.0_101\jre\bin\npt.dll
0x00000000556f0000 - 0x0000000055706000 	C:\Program Files\Java\jdk1.8.0_101\jre\bin\zip.dll
0x000007fefe880000 - 0x000007feff60b000 	C:\Windows\system32\SHELL32.dll
0x000007fefe2f0000 - 0x000007fefe4ed000 	C:\Windows\system32\ole32.dll
0x000007fefd6a0000 - 0x000007fefd6af000 	C:\Windows\system32\profapi.dll
0x0000000064160000 - 0x0000000064169000 	C:\Program Files\Java\jdk1.8.0_101\jre\bin\dt_socket.dll
0x000007fefb6e0000 - 0x000007fefb6f5000 	C:\Windows\system32\NLAapi.dll
0x000007fef6970000 - 0x000007fef6985000 	C:\Windows\system32\napinsp.dll
0x000007fef6950000 - 0x000007fef6969000 	C:\Windows\system32\pnrpnsp.dll
0x000007fefce40000 - 0x000007fefce95000 	C:\Windows\System32\mswsock.dll
0x000007fefccc0000 - 0x000007fefcd1b000 	C:\Windows\system32\DNSAPI.dll
0x000007fefa830000 - 0x000007fefa83b000 	C:\Windows\System32\winrnr.dll
0x000007fefb450000 - 0x000007fefb477000 	C:\Windows\system32\IPHLPAPI.DLL
0x000007fefb430000 - 0x000007fefb43b000 	C:\Windows\system32\WINNSI.DLL
0x000007fefb180000 - 0x000007fefb1d3000 	C:\Windows\System32\fwpuclnt.dll
0x000007fefa820000 - 0x000007fefa828000 	C:\Windows\system32\rasadhlp.dll
0x000007fefc730000 - 0x000007fefc737000 	C:\Windows\System32\wshtcpip.dll
0x00000000500f0000 - 0x0000000050288000 	C:\Program Files\Java\jdk1.8.0_101\jre\bin\awt.dll
0x000007fefe0d0000 - 0x000007fefe1aa000 	C:\Windows\system32\OLEAUT32.dll
0x000007fefb510000 - 0x000007fefb528000 	C:\Windows\system32\DWMAPI.DLL
0x000007fefb990000 - 0x000007fefb9e6000 	C:\Windows\system32\uxtheme.dll
0x000007fefd540000 - 0x000007fefd54f000 	C:\Windows\system32\CRYPTBASE.dll
0x0000000064110000 - 0x0000000064157000 	C:\Program Files\Java\jdk1.8.0_101\jre\bin\fontmanager.dll
0x0000000071620000 - 0x000000007163a000 	C:\Program Files\Java\jdk1.8.0_101\jre\bin\net.dll
0x000007fefce30000 - 0x000007fefce37000 	C:\Windows\System32\wship6.dll
0x000000005db10000 - 0x000000005db21000 	C:\Program Files\Java\jdk1.8.0_101\jre\bin\nio.dll
0x0000000056720000 - 0x0000000056762000 	C:\Program Files\Java\jdk1.8.0_101\jre\bin\t2k.dll
0x000007fefe1b0000 - 0x000007fefe249000 	C:\Windows\system32\CLBCatQ.DLL
0x000007fefb290000 - 0x000007fefb3f1000 	C:\Windows\system32\WindowsCodecs.dll
0x000007fefd4e0000 - 0x000007fefd537000 	C:\Windows\system32\apphelp.dll
0x00000000735b0000 - 0x00000000735d0000 	C:\Program Files\Common Files\TortoiseOverlays\TortoiseOverlays.dll
0x000007fefc750000 - 0x000007fefc753000 	C:\Windows\system32\api-ms-win-core-synch-l1-2-0.DLL
0x0000000073590000 - 0x00000000735ab000 	C:\Program Files\TortoiseSVN\bin\TortoiseStub.dll
0x0000000073500000 - 0x0000000073588000 	C:\Program Files\TortoiseSVN\bin\TortoiseSVN.dll
0x000007feff920000 - 0x000007feffc41000 	C:\Windows\system32\WININET.dll
0x000007fefda20000 - 0x000007fefda24000 	C:\Windows\system32\api-ms-win-downlevel-user32-l1-1-0.dll
0x000007fefd8e0000 - 0x000007fefd8e4000 	C:\Windows\system32\api-ms-win-downlevel-shlwapi-l1-1-0.dll
0x000007fefd8c0000 - 0x000007fefd8c4000 	C:\Windows\system32\api-ms-win-downlevel-version-l1-1-0.dll
0x000007fefd8d0000 - 0x000007fefd8d3000 	C:\Windows\system32\api-ms-win-downlevel-normaliz-l1-1-0.dll
0x0000000077b70000 - 0x0000000077b73000 	C:\Windows\system32\normaliz.DLL
0x000007fefe5b0000 - 0x000007fefe87a000 	C:\Windows\system32\iertutil.dll
0x000007fefd970000 - 0x000007fefd975000 	C:\Windows\system32\api-ms-win-downlevel-advapi32-l1-1-0.dll
0x000007fefda40000 - 0x000007fefda5e000 	C:\Windows\system32\USERENV.dll
0x000007fef83d0000 - 0x000007fef897e000 	C:\Program Files\TortoiseSVN\bin\libsvn_tsvn.dll
0x0000000073050000 - 0x0000000073083000 	C:\Program Files\TortoiseSVN\bin\libapr_tsvn.dll
0x000007fef83b0000 - 0x000007fef83c7000 	C:\Program Files\TortoiseSVN\bin\VCRUNTIME140.dll
0x000007fef83a0000 - 0x000007fef83a4000 	C:\Program Files\TortoiseSVN\bin\api-ms-win-crt-runtime-l1-1-0.dll
0x000007fef82b0000 - 0x000007fef839c000 	C:\Windows\system32\ucrtbase.DLL
0x000007fef82a0000 - 0x000007fef82a3000 	C:\Windows\system32\api-ms-win-core-timezone-l1-1-0.dll
0x000007fef8290000 - 0x000007fef8293000 	C:\Windows\system32\api-ms-win-core-file-l2-1-0.dll
0x000007fef8280000 - 0x000007fef8283000 	C:\Windows\system32\api-ms-win-core-localization-l1-2-0.dll
0x000007fef8270000 - 0x000007fef8273000 	C:\Windows\system32\api-ms-win-core-processthreads-l1-1-1.dll
0x000007fef8260000 - 0x000007fef8263000 	C:\Windows\system32\api-ms-win-core-file-l1-2-0.dll
0x000007fef8250000 - 0x000007fef8254000 	C:\Program Files\TortoiseSVN\bin\api-ms-win-crt-string-l1-1-0.dll
0x000007fef8240000 - 0x000007fef8243000 	C:\Program Files\TortoiseSVN\bin\api-ms-win-crt-heap-l1-1-0.dll
0x000007fef8230000 - 0x000007fef8234000 	C:\Program Files\TortoiseSVN\bin\api-ms-win-crt-stdio-l1-1-0.dll
0x000007fef7670000 - 0x000007fef7674000 	C:\Program Files\TortoiseSVN\bin\api-ms-win-crt-convert-l1-1-0.dll
0x000007fef7660000 - 0x000007fef7663000 	C:\Program Files\TortoiseSVN\bin\api-ms-win-crt-conio-l1-1-0.dll
0x000007fef7650000 - 0x000007fef7653000 	C:\Program Files\TortoiseSVN\bin\api-ms-win-crt-utility-l1-1-0.dll
0x000007fef7640000 - 0x000007fef7645000 	C:\Program Files\TortoiseSVN\bin\api-ms-win-crt-math-l1-1-0.dll
0x000007fef7630000 - 0x000007fef7633000 	C:\Program Files\TortoiseSVN\bin\api-ms-win-crt-environment-l1-1-0.dll
0x000007fef7620000 - 0x000007fef7623000 	C:\Program Files\TortoiseSVN\bin\api-ms-win-crt-time-l1-1-0.dll
0x00000000719c0000 - 0x0000000071a05000 	C:\Program Files\TortoiseSVN\bin\libaprutil_tsvn.dll
0x000007feffc50000 - 0x000007feffca2000 	C:\Windows\system32\WLDAP32.dll
0x000007fefa8d0000 - 0x000007fefa8e3000 	C:\Program Files\TortoiseSVN\bin\intl3_tsvn.dll
0x000007fefa8c0000 - 0x000007fefa8c3000 	C:\Program Files\TortoiseSVN\bin\api-ms-win-crt-filesystem-l1-1-0.dll
0x000007fefa8a0000 - 0x000007fefa8bb000 	C:\Program Files\TortoiseSVN\bin\libsasl.dll
0x000007fefd430000 - 0x000007fefd43b000 	C:\Windows\system32\Secur32.dll
0x000007fefd4a0000 - 0x000007fefd4c5000 	C:\Windows\system32\SSPICLI.DLL
0x000007fefd6c0000 - 0x000007fefd82d000 	C:\Windows\system32\CRYPT32.dll
0x000007fefd6b0000 - 0x000007fefd6bf000 	C:\Windows\system32\MSASN1.dll
0x000007fefa890000 - 0x000007fefa893000 	C:\Program Files\TortoiseSVN\bin\api-ms-win-crt-locale-l1-1-0.dll
0x000007fef7520000 - 0x000007fef75be000 	C:\Program Files\TortoiseSVN\bin\MSVCP140.dll
0x000007fefa880000 - 0x000007fefa885000 	C:\Program Files\TortoiseSVN\bin\api-ms-win-crt-multibyte-l1-1-0.dll
0x000007fef7200000 - 0x000007fef7230000 	C:\Program Files\TortoiseSVN\bin\crshhndl.dll
0x000007fef6dc0000 - 0x000007fef7200000 	C:\Program Files\TortoiseSVN\Languages\TortoiseProc2052.dll
0x000007fef6da0000 - 0x000007fef6db9000 	D:\TortoiseGit\bin\TortoiseGitStub.dll
0x000007fef6cf0000 - 0x000007fef6d94000 	D:\TortoiseGit\bin\TortoiseGit.dll
0x000007fef6bf0000 - 0x000007fef6cec000 	D:\TortoiseGit\bin\libgit2_tgit.dll
0x000007fef9420000 - 0x000007fef9491000 	C:\Windows\system32\WINHTTP.dll
0x000007fef93b0000 - 0x000007fef9414000 	C:\Windows\system32\webio.dll
0x000007fef6bd0000 - 0x000007fef6beb000 	D:\TortoiseGit\bin\zlib1_tgit.dll
0x000007fef6a90000 - 0x000007fef6bd0000 	D:\TortoiseGit\bin\gitdll.dll
0x000007fefcea0000 - 0x000007fefceb8000 	C:\Windows\system32\CRYPTSP.dll
0x000007fefcba0000 - 0x000007fefcbe7000 	C:\Windows\system32\rsaenh.dll
0x000007fef6a70000 - 0x000007fef6a82000 	D:\TortoiseGit\bin\crshhndl.dll
0x0000000180000000 - 0x0000000180082000 	D:\Program Files (x86)\Tencent\QQPCMgr\12.14.19590.218\QMGCShellExt64.dll
0x0000000071840000 - 0x0000000071949000 	C:\Windows\WinSxS\amd64_microsoft.vc80.crt_1fc8b3b9a1e18e3b_8.0.50727.6195_none_88e41e092fab0294\MSVCP80.dll
0x0000000071770000 - 0x0000000071839000 	C:\Windows\WinSxS\amd64_microsoft.vc80.crt_1fc8b3b9a1e18e3b_8.0.50727.6195_none_88e41e092fab0294\MSVCR80.dll
0x000007fef6990000 - 0x000007fef6a2d000 	D:\Program Files (x86)\Tencent\QQPCMgr\12.14.19590.218\exnscan64.dll
0x000007fefb730000 - 0x000007fefb746000 	C:\Windows\system32\NETAPI32.dll
0x000007fefb720000 - 0x000007fefb72c000 	C:\Windows\system32\netutils.dll
0x000007fefd200000 - 0x000007fefd223000 	C:\Windows\system32\srvcli.dll
0x000007fefb700000 - 0x000007fefb715000 	C:\Windows\system32\wkscli.dll
0x000007fef6910000 - 0x000007fef6945000 	C:\Windows\system32\EhStorShell.dll
0x000007feff740000 - 0x000007feff917000 	C:\Windows\system32\SETUPAPI.dll
0x000007fefd930000 - 0x000007fefd966000 	C:\Windows\system32\CFGMGR32.dll
0x000007fefd830000 - 0x000007fefd84a000 	C:\Windows\system32\DEVOBJ.dll
0x000007fefbf30000 - 0x000007fefc05c000 	C:\Windows\system32\PROPSYS.dll
0x000007fef6890000 - 0x000007fef690e000 	C:\Windows\System32\cscui.dll
0x000007fef6700000 - 0x000007fef670c000 	C:\Windows\System32\CSCDLL.dll

VM Arguments:
jvm_args: -agentlib:jdwp=transport=dt_socket,suspend=y,address=localhost:61987 -Dfile.encoding=UTF-8 
java_command: com.lpg.myTool.tool.Start
java_class_path (initial): C:\Program Files\Java\jdk1.8.0_101\jre\lib\resources.jar;C:\Program Files\Java\jdk1.8.0_101\jre\lib\rt.jar;C:\Program Files\Java\jdk1.8.0_101\jre\lib\jsse.jar;C:\Program Files\Java\jdk1.8.0_101\jre\lib\jce.jar;C:\Program Files\Java\jdk1.8.0_101\jre\lib\charsets.jar;C:\Program Files\Java\jdk1.8.0_101\jre\lib\jfr.jar;C:\Program Files\Java\jdk1.8.0_101\jre\lib\ext\access-bridge-64.jar;C:\Program Files\Java\jdk1.8.0_101\jre\lib\ext\cldrdata.jar;C:\Program Files\Java\jdk1.8.0_101\jre\lib\ext\dnsns.jar;C:\Program Files\Java\jdk1.8.0_101\jre\lib\ext\jaccess.jar;C:\Program Files\Java\jdk1.8.0_101\jre\lib\ext\jfxrt.jar;C:\Program Files\Java\jdk1.8.0_101\jre\lib\ext\localedata.jar;C:\Program Files\Java\jdk1.8.0_101\jre\lib\ext\nashorn.jar;C:\Program Files\Java\jdk1.8.0_101\jre\lib\ext\sunec.jar;C:\Program Files\Java\jdk1.8.0_101\jre\lib\ext\sunjce_provider.jar;C:\Program Files\Java\jdk1.8.0_101\jre\lib\ext\sunmscapi.jar;C:\Program Files\Java\jdk1.8.0_101\jre\lib\ext\sunpkcs11.jar;C:\Program Files\Java\jdk1.8.0_101\jre\lib\ext\zipfs.jar;C:\Users\Administrator\git\lpg\HelloWord\bin;C:\Users\Administrator\git\lpg\HelloWord\lib\mysql-connector-java-5.1.8.jar;C:\Users\Administrator\git\lpg\HelloWord\lib\log4j-1.2.17.jar;C:\Users\Administrator\git\lpg\HelloWord\lib\netty-all-4.1.9.Final.jar;C:\Users\Administrator\git\lpg\HelloWord\lib\activation-1.1.jar;C:\Users\Administrator\git\lpg\HelloWord\lib\mail-1.4.7.jar;C:\Users\Administrator\git\lpg\HelloWord\lib\commons-email-1.3.jar;C:\Users\Administrator\git\lpg\HelloWord\lib\protobuf-java-3.5.1.jar;C:\Users\Administrator\git\lpg\HelloWord\lib\junit-4.11.jar;C:\Users\Administrator\git\lpg\HelloWord\lib\tools.jar;C:\Users\Administrator\git\lpg\HelloWord\lib\json-20140107.jar;C:\Users\Administrator\git\lpg\HelloWord\lib\commons-codec-1.10.jar;C:\Users\Administrator\git\lpg\HelloWord\lib\commons-collections4-4.1.jar;C:\Users\Administrator\git\lpg\HelloWord\lib\curvesapi-1.03.jar;C:\Users\Administrator\git\lpg\
Launcher Type: SUN_STANDARD

Environment Variables:
JAVA_HOME=C:\Program Files\Java\jdk1.8.0_101
CLASSPATH=.;C:\Program Files\Java\jdk1.8.0_101\bin\tools.jar;C:\Program Files\Java\jdk1.8.0_101\bin\dt.jar;
PATH=C:\Program Files\Java\jdk1.8.0_101\jre\bin;C:/Program Files/Java/jdk1.8.0_101/bin/../jre/bin/server;C:/Program Files/Java/jdk1.8.0_101/bin/../jre/bin;C:/Program Files/Java/jdk1.8.0_101/bin/../jre/lib/amd64;.;C:\Program Files\Java\jdk1.8.0_101\bin;D:\apache-maven-3.5.2\bin;D:\product\11.2.0\dbhome_1\bin;C:\Windows\system32;C:\Windows;C:\Windows\System32\Wbem;C:\Windows\System32\WindowsPowerShell\v1.0\;D:\MySQL Server 5.5\bin;C:\Program Files\TortoiseSVN\bin;D:\nginx-1.12.1\nginx-1.12.1;D:\Program Files\VisualSVN\bin;D:\nodejs\;C:\Program Files\jprofiler10\bin\windows-x64;C:\Program Files\jprofiler10\bin\windows;D:\TortoiseGit\bin;D:\Git\cmd;C:\Program Files\Java\jdk1.8.0_101\bin;C:\Users\Administrator\AppData\Roaming\npm;D:\Fiddler;D:\apache-tomcat-9.0.8\bin;;D:\eclipse\myEclipse\eclipse;
USERNAME=Administrator
OS=Windows_NT
PROCESSOR_IDENTIFIER=Intel64 Family 6 Model 60 Stepping 3, GenuineIntel



---------------  S Y S T E M  ---------------

OS: Windows 7 , 64 bit Build 7601 (6.1.7601.24059)

CPU:total 4 (2 cores per cpu, 2 threads per core) family 6 model 60 stepping 3, cmov, cx8, fxsr, mmx, sse, sse2, sse3, ssse3, sse4.1, sse4.2, popcnt, avx, avx2, aes, clmul, erms, lzcnt, ht, tsc, tscinvbit, bmi1, bmi2

Memory: 4k page, physical 8256564k(1340596k free), swap 16511252k(7565744k free)

vm_info: Java HotSpot(TM) 64-Bit Server VM (25.101-b13) for windows-amd64 JRE (1.8.0_101-b13), built on Jun 22 2016 01:21:29 by "java_re" with MS VC++ 10.0 (VS2010)

time: Sat Nov 24 17:50:29 2018
elapsed time: 407 seconds (0d 0h 6m 47s)

